2017-06-14 12:59:01 -  - exec CUpdateClientPartner::GetUpdatesList
2017-06-14 12:59:01 -  - exec CUpdateClientPartner::__CollectRequestData
2017-06-14 12:59:01 -  - utf=Y&lang=ru&stable=Y&CANGZIP=Y&SUPD_DBS=MYSQL&XE=N&CLIENT_SITE=polimer-vrn&LICENSE_KEY=X&SUPD_STS=1&SUPD_URS=0&SUPD_URSA=1&TYPENC=D&CLIENT_PHPVER=5.6.19&NGINX=Y&dbv=5.5.48&instm=main%2C16.5.4%2CY%3Babtest%2C16.0.0%2CN%3Badvertising%2C16.5.0%2CN%3Bbitrix.eshop%2C16.5.2%2CN%3Bbitrix.sitecommunity%2C15.0.0%2CN%3Bbitrix.sitecorporate%2C15.0.0%2CN%3Bbitrix.siteinfoportal%2C15.0.0%2CN%3Bbitrix.sitepersonal%2C15.0.0%2CN%3Bbitrixcloud%2C16.0.0%2CN%3Bbizproc%2C16.5.2%2CN%3Bbizprocdesigner%2C16.5.0%2CN%3Bblog%2C16.5.4%2CN%3Bcalendar%2C16.5.6%2CN%3Bcatalog%2C16.5.3%2CN%3Bclouds%2C16.0.1%2CN%3Bcluster%2C16.0.0%2CN%3Bcompression%2C16.0.0%2CN%3Bconversion%2C15.5.6%2CN%3Bcurrency%2C16.5.0%2CN%3Beshopapp%2C15.0.0%2CN%3Bfileman%2C16.5.4%2CN%3Bform%2C15.0.2%2CN%3Bforum%2C16.5.2%2CN%3Bhighloadblock%2C16.0.2%2CN%3Biblock%2C16.5.2%2CN%3Bidea%2C15.0.1%2CN%3Bim%2C16.5.1%2CN%3Bldap%2C15.5.0%2CN%3Blearning%2C15.5.0%2CN%3Blists%2C16.0.5%2CN%3Bmail%2C16.6.3%2CN%3Bmobileapp%2C16.0.5%2CN%3Bperfmon%2C16.0.0%2CN%3Bphotogallery%2C16.0.1%2CN%3Bpull%2C16.5.1%2CN%3Breport%2C16.0.2%2CN%3Bsale%2C16.5.0%2CN%3Bscale%2C16.0.0%2CN%3Bsearch%2C16.0.0%2CN%3Bsecurity%2C16.0.3%2CN%3Bsender%2C16.0.3%2CN%3Bseo%2C16.0.3%2CN%3Bsocialnetwork%2C16.5.8%2CN%3Bsocialservices%2C16.5.4%2CN%3Bstatistic%2C16.0.0%2CN%3Bstoreassist%2C16.0.1%2CN%3Bsubscribe%2C16.0.0%2CN%3Bsupport%2C16.0.0%2CN%3Btranslate%2C14.5.0%2CN%3Bvote%2C15.5.0%2CN%3Bwebservice%2C16.0.1%2CN%3Bwiki%2C16.0.3%2CN%3Bworkflow%2C16.5.0%2CN&reqm=bitrix.eshop%2Cbitrix.sitecommunity%2Cbitrix.sitecorporate%2Cbitrix.siteinfoportal%2Cbitrix.sitepersonal%2Cthebrainstech.copyiblock&SUPD_SRS=0&SUPD_CMP=N
2017-06-14 12:59:01 -  - exec CUpdateClientPartner::GetHTTPPage
2017-06-14 12:59:02 -  - TIME GetUpdatesList(request) 0.897 sec
2017-06-14 12:59:02 -  - exec CUpdateClientPartner::ParseServerData
2017-06-14 12:59:07 -  - exec CUpdateClientPartner::LoadModulesUpdates
2017-06-14 12:59:07 -  - exec CUpdateClientPartner::__CollectRequestData
2017-06-14 12:59:07 -  - utf=Y&lang=ru&stable=Y&CANGZIP=Y&SUPD_DBS=MYSQL&XE=N&CLIENT_SITE=polimer-vrn&LICENSE_KEY=X&SUPD_STS=1&SUPD_URS=0&SUPD_URSA=1&TYPENC=D&CLIENT_PHPVER=5.6.19&NGINX=Y&dbv=5.5.48&instm=main%2C16.5.4%2CY%3Babtest%2C16.0.0%2CN%3Badvertising%2C16.5.0%2CN%3Bbitrix.eshop%2C16.5.2%2CN%3Bbitrix.sitecommunity%2C15.0.0%2CN%3Bbitrix.sitecorporate%2C15.0.0%2CN%3Bbitrix.siteinfoportal%2C15.0.0%2CN%3Bbitrix.sitepersonal%2C15.0.0%2CN%3Bbitrixcloud%2C16.0.0%2CN%3Bbizproc%2C16.5.2%2CN%3Bbizprocdesigner%2C16.5.0%2CN%3Bblog%2C16.5.4%2CN%3Bcalendar%2C16.5.6%2CN%3Bcatalog%2C16.5.3%2CN%3Bclouds%2C16.0.1%2CN%3Bcluster%2C16.0.0%2CN%3Bcompression%2C16.0.0%2CN%3Bconversion%2C15.5.6%2CN%3Bcurrency%2C16.5.0%2CN%3Beshopapp%2C15.0.0%2CN%3Bfileman%2C16.5.4%2CN%3Bform%2C15.0.2%2CN%3Bforum%2C16.5.2%2CN%3Bhighloadblock%2C16.0.2%2CN%3Biblock%2C16.5.2%2CN%3Bidea%2C15.0.1%2CN%3Bim%2C16.5.1%2CN%3Bldap%2C15.5.0%2CN%3Blearning%2C15.5.0%2CN%3Blists%2C16.0.5%2CN%3Bmail%2C16.6.3%2CN%3Bmobileapp%2C16.0.5%2CN%3Bperfmon%2C16.0.0%2CN%3Bphotogallery%2C16.0.1%2CN%3Bpull%2C16.5.1%2CN%3Breport%2C16.0.2%2CN%3Bsale%2C16.5.0%2CN%3Bscale%2C16.0.0%2CN%3Bsearch%2C16.0.0%2CN%3Bsecurity%2C16.0.3%2CN%3Bsender%2C16.0.3%2CN%3Bseo%2C16.0.3%2CN%3Bsocialnetwork%2C16.5.8%2CN%3Bsocialservices%2C16.5.4%2CN%3Bstatistic%2C16.0.0%2CN%3Bstoreassist%2C16.0.1%2CN%3Bsubscribe%2C16.0.0%2CN%3Bsupport%2C16.0.0%2CN%3Btranslate%2C14.5.0%2CN%3Bvote%2C15.5.0%2CN%3Bwebservice%2C16.0.1%2CN%3Bwiki%2C16.0.3%2CN%3Bworkflow%2C16.5.0%2CN&reqm=thebrainstech.copyiblock&lim=Y&SUPD_SRS=0&SUPD_CMP=N
2017-06-14 12:59:07 -  - exec CUpdateClientPartner::GetHTTPPage
2017-06-14 12:59:08 -  - TIME LoadModulesUpdates(request) 0.746 sec
2017-06-14 12:59:08 -  - exec CUpdateClientPartner::ParseServerData
2017-06-14 12:59:08 - S - STEP
2017-06-14 12:59:08 - LMU01 - LoadModulesUpdates-Step
2017-06-14 12:59:08 -  - exec CUpdateClientPartner::LoadModulesUpdates
2017-06-14 12:59:08 -  - exec CUpdateClientPartner::ParseServerData
2017-06-14 12:59:08 -  - loadFile
2017-06-14 12:59:08 - U - RETURN
2017-06-14 12:59:08 -  - exec CUpdateClientPartner::UnGzipArchive
2017-06-14 12:59:08 -  - TIME UnGzipArchive 0.076 sec
2017-06-14 12:59:08 -  - TIME UpdateStepModules 0.039 sec
2017-06-14 12:59:08 - UPD_SUCCESS - Updated: thebrainstech.copyiblock
2017-06-14 12:59:09 -  - exec CUpdateClientPartner::LoadModulesUpdates
2017-06-14 12:59:09 -  - exec CUpdateClientPartner::__CollectRequestData
2017-06-14 12:59:09 -  - utf=Y&lang=ru&stable=Y&CANGZIP=Y&SUPD_DBS=MYSQL&XE=N&CLIENT_SITE=polimer-vrn&LICENSE_KEY=X&SUPD_STS=1&SUPD_URS=0&SUPD_URSA=1&TYPENC=D&CLIENT_PHPVER=5.6.19&NGINX=Y&dbv=5.5.48&instm=main%2C16.5.4%2CY%3Babtest%2C16.0.0%2CN%3Badvertising%2C16.5.0%2CN%3Bbitrix.eshop%2C16.5.2%2CN%3Bbitrix.sitecommunity%2C15.0.0%2CN%3Bbitrix.sitecorporate%2C15.0.0%2CN%3Bbitrix.siteinfoportal%2C15.0.0%2CN%3Bbitrix.sitepersonal%2C15.0.0%2CN%3Bbitrixcloud%2C16.0.0%2CN%3Bbizproc%2C16.5.2%2CN%3Bbizprocdesigner%2C16.5.0%2CN%3Bblog%2C16.5.4%2CN%3Bcalendar%2C16.5.6%2CN%3Bcatalog%2C16.5.3%2CN%3Bclouds%2C16.0.1%2CN%3Bcluster%2C16.0.0%2CN%3Bcompression%2C16.0.0%2CN%3Bconversion%2C15.5.6%2CN%3Bcurrency%2C16.5.0%2CN%3Beshopapp%2C15.0.0%2CN%3Bfileman%2C16.5.4%2CN%3Bform%2C15.0.2%2CN%3Bforum%2C16.5.2%2CN%3Bhighloadblock%2C16.0.2%2CN%3Biblock%2C16.5.2%2CN%3Bidea%2C15.0.1%2CN%3Bim%2C16.5.1%2CN%3Bldap%2C15.5.0%2CN%3Blearning%2C15.5.0%2CN%3Blists%2C16.0.5%2CN%3Bmail%2C16.6.3%2CN%3Bmobileapp%2C16.0.5%2CN%3Bperfmon%2C16.0.0%2CN%3Bphotogallery%2C16.0.1%2CN%3Bpull%2C16.5.1%2CN%3Breport%2C16.0.2%2CN%3Bsale%2C16.5.0%2CN%3Bscale%2C16.0.0%2CN%3Bsearch%2C16.0.0%2CN%3Bsecurity%2C16.0.3%2CN%3Bsender%2C16.0.3%2CN%3Bseo%2C16.0.3%2CN%3Bsocialnetwork%2C16.5.8%2CN%3Bsocialservices%2C16.5.4%2CN%3Bstatistic%2C16.0.0%2CN%3Bstoreassist%2C16.0.1%2CN%3Bsubscribe%2C16.0.0%2CN%3Bsupport%2C16.0.0%2CN%3Bthebrainstech.copyiblock%2C1.0.0%2CN%3Btranslate%2C14.5.0%2CN%3Bvote%2C15.5.0%2CN%3Bwebservice%2C16.0.1%2CN%3Bwiki%2C16.0.3%2CN%3Bworkflow%2C16.5.0%2CN&reqm=thebrainstech.copyiblock&lim=Y&SUPD_SRS=0&SUPD_CMP=N
2017-06-14 12:59:09 -  - exec CUpdateClientPartner::GetHTTPPage
2017-06-14 12:59:09 -  - TIME LoadModulesUpdates(request) 0.706 sec
2017-06-14 12:59:09 -  - exec CUpdateClientPartner::ParseServerData
2017-06-14 12:59:09 - S - STEP
2017-06-14 12:59:09 - LMU01 - LoadModulesUpdates-Step
2017-06-14 12:59:10 -  - exec CUpdateClientPartner::LoadModulesUpdates
2017-06-14 12:59:10 -  - exec CUpdateClientPartner::ParseServerData
2017-06-14 12:59:10 -  - loadFile
2017-06-14 12:59:10 - U - RETURN
2017-06-14 12:59:10 -  - exec CUpdateClientPartner::UnGzipArchive
2017-06-14 12:59:10 -  - TIME UnGzipArchive 0.019 sec
2017-06-14 12:59:10 -  - TIME UpdateStepModules 0.005 sec
2017-06-14 12:59:10 - UPD_SUCCESS - Updated: thebrainstech.copyiblock (1.0.1)<br>РћР±РЅРѕРІР»РµРЅРёРµ С„Р°Р№Р»Р° \\install\\step.php РћР±РЅРѕРІР»РµРЅРёРµ С„Р°Р№Р»Р° \\lang\\ru\\install\\index.php Р”РѕР±Р°РІР»РµРЅРёРµ СЃРѕРѕР±С‰РµРЅРёСЏ РїСЂРёРІРµС‚Р°! :) 
2017-06-14 12:59:10 -  - exec CUpdateClientPartner::LoadModulesUpdates
2017-06-14 12:59:10 -  - exec CUpdateClientPartner::__CollectRequestData
2017-06-14 12:59:10 -  - utf=Y&lang=ru&stable=Y&CANGZIP=Y&SUPD_DBS=MYSQL&XE=N&CLIENT_SITE=polimer-vrn&LICENSE_KEY=X&SUPD_STS=1&SUPD_URS=0&SUPD_URSA=1&TYPENC=D&CLIENT_PHPVER=5.6.19&NGINX=Y&dbv=5.5.48&instm=main%2C16.5.4%2CY%3Babtest%2C16.0.0%2CN%3Badvertising%2C16.5.0%2CN%3Bbitrix.eshop%2C16.5.2%2CN%3Bbitrix.sitecommunity%2C15.0.0%2CN%3Bbitrix.sitecorporate%2C15.0.0%2CN%3Bbitrix.siteinfoportal%2C15.0.0%2CN%3Bbitrix.sitepersonal%2C15.0.0%2CN%3Bbitrixcloud%2C16.0.0%2CN%3Bbizproc%2C16.5.2%2CN%3Bbizprocdesigner%2C16.5.0%2CN%3Bblog%2C16.5.4%2CN%3Bcalendar%2C16.5.6%2CN%3Bcatalog%2C16.5.3%2CN%3Bclouds%2C16.0.1%2CN%3Bcluster%2C16.0.0%2CN%3Bcompression%2C16.0.0%2CN%3Bconversion%2C15.5.6%2CN%3Bcurrency%2C16.5.0%2CN%3Beshopapp%2C15.0.0%2CN%3Bfileman%2C16.5.4%2CN%3Bform%2C15.0.2%2CN%3Bforum%2C16.5.2%2CN%3Bhighloadblock%2C16.0.2%2CN%3Biblock%2C16.5.2%2CN%3Bidea%2C15.0.1%2CN%3Bim%2C16.5.1%2CN%3Bldap%2C15.5.0%2CN%3Blearning%2C15.5.0%2CN%3Blists%2C16.0.5%2CN%3Bmail%2C16.6.3%2CN%3Bmobileapp%2C16.0.5%2CN%3Bperfmon%2C16.0.0%2CN%3Bphotogallery%2C16.0.1%2CN%3Bpull%2C16.5.1%2CN%3Breport%2C16.0.2%2CN%3Bsale%2C16.5.0%2CN%3Bscale%2C16.0.0%2CN%3Bsearch%2C16.0.0%2CN%3Bsecurity%2C16.0.3%2CN%3Bsender%2C16.0.3%2CN%3Bseo%2C16.0.3%2CN%3Bsocialnetwork%2C16.5.8%2CN%3Bsocialservices%2C16.5.4%2CN%3Bstatistic%2C16.0.0%2CN%3Bstoreassist%2C16.0.1%2CN%3Bsubscribe%2C16.0.0%2CN%3Bsupport%2C16.0.0%2CN%3Bthebrainstech.copyiblock%2C1.0.1%2CN%3Btranslate%2C14.5.0%2CN%3Bvote%2C15.5.0%2CN%3Bwebservice%2C16.0.1%2CN%3Bwiki%2C16.0.3%2CN%3Bworkflow%2C16.5.0%2CN&reqm=thebrainstech.copyiblock&lim=Y&SUPD_SRS=0&SUPD_CMP=N
2017-06-14 12:59:10 -  - exec CUpdateClientPartner::GetHTTPPage
2017-06-14 12:59:11 -  - TIME LoadModulesUpdates(request) 0.541 sec
2017-06-14 12:59:11 -  - exec CUpdateClientPartner::ParseServerData
2017-06-14 12:59:11 - S - STEP
2017-06-14 12:59:11 - LMU01 - LoadModulesUpdates-Step
2017-06-14 12:59:11 -  - exec CUpdateClientPartner::LoadModulesUpdates
2017-06-14 12:59:11 -  - exec CUpdateClientPartner::ParseServerData
2017-06-14 12:59:11 -  - loadFile
2017-06-14 12:59:11 - U - RETURN
2017-06-14 12:59:11 -  - exec CUpdateClientPartner::UnGzipArchive
2017-06-14 12:59:11 -  - TIME UnGzipArchive 0.028 sec
2017-06-14 12:59:11 -  - TIME UpdateStepModules 0.018 sec
2017-06-14 12:59:11 - UPD_SUCCESS - Updated: thebrainstech.copyiblock (1.1.0)<br>Добовление копирования элементов и копирование разделов
2017-06-14 12:59:11 -  - exec CUpdateClientPartner::LoadModulesUpdates
2017-06-14 12:59:11 -  - exec CUpdateClientPartner::__CollectRequestData
2017-06-14 12:59:11 -  - utf=Y&lang=ru&stable=Y&CANGZIP=Y&SUPD_DBS=MYSQL&XE=N&CLIENT_SITE=polimer-vrn&LICENSE_KEY=X&SUPD_STS=1&SUPD_URS=0&SUPD_URSA=1&TYPENC=D&CLIENT_PHPVER=5.6.19&NGINX=Y&dbv=5.5.48&instm=main%2C16.5.4%2CY%3Babtest%2C16.0.0%2CN%3Badvertising%2C16.5.0%2CN%3Bbitrix.eshop%2C16.5.2%2CN%3Bbitrix.sitecommunity%2C15.0.0%2CN%3Bbitrix.sitecorporate%2C15.0.0%2CN%3Bbitrix.siteinfoportal%2C15.0.0%2CN%3Bbitrix.sitepersonal%2C15.0.0%2CN%3Bbitrixcloud%2C16.0.0%2CN%3Bbizproc%2C16.5.2%2CN%3Bbizprocdesigner%2C16.5.0%2CN%3Bblog%2C16.5.4%2CN%3Bcalendar%2C16.5.6%2CN%3Bcatalog%2C16.5.3%2CN%3Bclouds%2C16.0.1%2CN%3Bcluster%2C16.0.0%2CN%3Bcompression%2C16.0.0%2CN%3Bconversion%2C15.5.6%2CN%3Bcurrency%2C16.5.0%2CN%3Beshopapp%2C15.0.0%2CN%3Bfileman%2C16.5.4%2CN%3Bform%2C15.0.2%2CN%3Bforum%2C16.5.2%2CN%3Bhighloadblock%2C16.0.2%2CN%3Biblock%2C16.5.2%2CN%3Bidea%2C15.0.1%2CN%3Bim%2C16.5.1%2CN%3Bldap%2C15.5.0%2CN%3Blearning%2C15.5.0%2CN%3Blists%2C16.0.5%2CN%3Bmail%2C16.6.3%2CN%3Bmobileapp%2C16.0.5%2CN%3Bperfmon%2C16.0.0%2CN%3Bphotogallery%2C16.0.1%2CN%3Bpull%2C16.5.1%2CN%3Breport%2C16.0.2%2CN%3Bsale%2C16.5.0%2CN%3Bscale%2C16.0.0%2CN%3Bsearch%2C16.0.0%2CN%3Bsecurity%2C16.0.3%2CN%3Bsender%2C16.0.3%2CN%3Bseo%2C16.0.3%2CN%3Bsocialnetwork%2C16.5.8%2CN%3Bsocialservices%2C16.5.4%2CN%3Bstatistic%2C16.0.0%2CN%3Bstoreassist%2C16.0.1%2CN%3Bsubscribe%2C16.0.0%2CN%3Bsupport%2C16.0.0%2CN%3Bthebrainstech.copyiblock%2C1.1.0%2CN%3Btranslate%2C14.5.0%2CN%3Bvote%2C15.5.0%2CN%3Bwebservice%2C16.0.1%2CN%3Bwiki%2C16.0.3%2CN%3Bworkflow%2C16.5.0%2CN&reqm=thebrainstech.copyiblock&lim=Y&SUPD_SRS=0&SUPD_CMP=N
2017-06-14 12:59:11 -  - exec CUpdateClientPartner::GetHTTPPage
2017-06-14 12:59:12 -  - TIME LoadModulesUpdates(request) 0.606 sec
2017-06-14 12:59:12 -  - exec CUpdateClientPartner::ParseServerData
2017-06-14 12:59:12 - STEP - Finish - NOUPDATES
2017-06-14 12:59:12 - STEP - Finish - NOUPDATES
2017-06-14 12:59:14 -  - exec CUpdateClientPartner::GetUpdatesList
2017-06-14 12:59:14 -  - exec CUpdateClientPartner::__CollectRequestData
2017-06-14 12:59:14 -  - utf=Y&lang=ru&stable=Y&CANGZIP=Y&SUPD_DBS=MYSQL&XE=N&CLIENT_SITE=polimer-vrn&LICENSE_KEY=X&SUPD_STS=1&SUPD_URS=0&SUPD_URSA=1&TYPENC=D&CLIENT_PHPVER=5.6.19&NGINX=Y&dbv=5.5.48&instm=main%2C16.5.4%2CY%3Babtest%2C16.0.0%2CN%3Badvertising%2C16.5.0%2CN%3Bbitrix.eshop%2C16.5.2%2CN%3Bbitrix.sitecommunity%2C15.0.0%2CN%3Bbitrix.sitecorporate%2C15.0.0%2CN%3Bbitrix.siteinfoportal%2C15.0.0%2CN%3Bbitrix.sitepersonal%2C15.0.0%2CN%3Bbitrixcloud%2C16.0.0%2CN%3Bbizproc%2C16.5.2%2CN%3Bbizprocdesigner%2C16.5.0%2CN%3Bblog%2C16.5.4%2CN%3Bcalendar%2C16.5.6%2CN%3Bcatalog%2C16.5.3%2CN%3Bclouds%2C16.0.1%2CN%3Bcluster%2C16.0.0%2CN%3Bcompression%2C16.0.0%2CN%3Bconversion%2C15.5.6%2CN%3Bcurrency%2C16.5.0%2CN%3Beshopapp%2C15.0.0%2CN%3Bfileman%2C16.5.4%2CN%3Bform%2C15.0.2%2CN%3Bforum%2C16.5.2%2CN%3Bhighloadblock%2C16.0.2%2CN%3Biblock%2C16.5.2%2CN%3Bidea%2C15.0.1%2CN%3Bim%2C16.5.1%2CN%3Bldap%2C15.5.0%2CN%3Blearning%2C15.5.0%2CN%3Blists%2C16.0.5%2CN%3Bmail%2C16.6.3%2CN%3Bmobileapp%2C16.0.5%2CN%3Bperfmon%2C16.0.0%2CN%3Bphotogallery%2C16.0.1%2CN%3Bpull%2C16.5.1%2CN%3Breport%2C16.0.2%2CN%3Bsale%2C16.5.0%2CN%3Bscale%2C16.0.0%2CN%3Bsearch%2C16.0.0%2CN%3Bsecurity%2C16.0.3%2CN%3Bsender%2C16.0.3%2CN%3Bseo%2C16.0.3%2CN%3Bsocialnetwork%2C16.5.8%2CN%3Bsocialservices%2C16.5.4%2CN%3Bstatistic%2C16.0.0%2CN%3Bstoreassist%2C16.0.1%2CN%3Bsubscribe%2C16.0.0%2CN%3Bsupport%2C16.0.0%2CN%3Bthebrainstech.copyiblock%2C1.1.0%2CN%3Btranslate%2C14.5.0%2CN%3Bvote%2C15.5.0%2CN%3Bwebservice%2C16.0.1%2CN%3Bwiki%2C16.0.3%2CN%3Bworkflow%2C16.5.0%2CN&reqm=bitrix.eshop%2Cbitrix.sitecommunity%2Cbitrix.sitecorporate%2Cbitrix.siteinfoportal%2Cbitrix.sitepersonal%2Cthebrainstech.copyiblock&fullmoduleinfo=Y&SUPD_SRS=0&SUPD_CMP=N
2017-06-14 12:59:14 -  - exec CUpdateClientPartner::GetHTTPPage
2017-06-14 12:59:14 -  - TIME GetUpdatesList(request) 0.652 sec
2017-06-14 12:59:14 -  - exec CUpdateClientPartner::ParseServerData
2017-06-14 12:59:31 -  - exec CUpdateClientPartner::GetUpdatesList
2017-06-14 12:59:31 -  - exec CUpdateClientPartner::__CollectRequestData
2017-06-14 12:59:31 -  - utf=Y&lang=ru&stable=Y&CANGZIP=Y&SUPD_DBS=MYSQL&XE=N&CLIENT_SITE=polimer-vrn&LICENSE_KEY=X&SUPD_STS=1&SUPD_URS=0&SUPD_URSA=1&TYPENC=D&CLIENT_PHPVER=5.6.19&NGINX=Y&dbv=5.5.48&instm=main%2C16.5.4%2CY%3Babtest%2C16.0.0%2CN%3Badvertising%2C16.5.0%2CN%3Bbitrix.eshop%2C16.5.2%2CN%3Bbitrix.sitecommunity%2C15.0.0%2CN%3Bbitrix.sitecorporate%2C15.0.0%2CN%3Bbitrix.siteinfoportal%2C15.0.0%2CN%3Bbitrix.sitepersonal%2C15.0.0%2CN%3Bbitrixcloud%2C16.0.0%2CN%3Bbizproc%2C16.5.2%2CN%3Bbizprocdesigner%2C16.5.0%2CN%3Bblog%2C16.5.4%2CN%3Bcalendar%2C16.5.6%2CN%3Bcatalog%2C16.5.3%2CN%3Bclouds%2C16.0.1%2CN%3Bcluster%2C16.0.0%2CN%3Bcompression%2C16.0.0%2CN%3Bconversion%2C15.5.6%2CN%3Bcurrency%2C16.5.0%2CN%3Beshopapp%2C15.0.0%2CN%3Bfileman%2C16.5.4%2CN%3Bform%2C15.0.2%2CN%3Bforum%2C16.5.2%2CN%3Bhighloadblock%2C16.0.2%2CN%3Biblock%2C16.5.2%2CN%3Bidea%2C15.0.1%2CN%3Bim%2C16.5.1%2CN%3Bldap%2C15.5.0%2CN%3Blearning%2C15.5.0%2CN%3Blists%2C16.0.5%2CN%3Bmail%2C16.6.3%2CN%3Bmobileapp%2C16.0.5%2CN%3Bperfmon%2C16.0.0%2CN%3Bphotogallery%2C16.0.1%2CN%3Bpull%2C16.5.1%2CN%3Breport%2C16.0.2%2CN%3Bsale%2C16.5.0%2CN%3Bscale%2C16.0.0%2CN%3Bsearch%2C16.0.0%2CN%3Bsecurity%2C16.0.3%2CN%3Bsender%2C16.0.3%2CN%3Bseo%2C16.0.3%2CN%3Bsocialnetwork%2C16.5.8%2CN%3Bsocialservices%2C16.5.4%2CN%3Bstatistic%2C16.0.0%2CN%3Bstoreassist%2C16.0.1%2CN%3Bsubscribe%2C16.0.0%2CN%3Bsupport%2C16.0.0%2CN%3Bthebrainstech.copyiblock%2C1.1.0%2CN%3Btranslate%2C14.5.0%2CN%3Bvote%2C15.5.0%2CN%3Bwebservice%2C16.0.1%2CN%3Bwiki%2C16.0.3%2CN%3Bworkflow%2C16.5.0%2CN&reqm=bitrix.eshop%2Cbitrix.sitecommunity%2Cbitrix.sitecorporate%2Cbitrix.siteinfoportal%2Cbitrix.sitepersonal%2Cthebrainstech.copyiblock&fullmoduleinfo=Y&SUPD_SRS=0&SUPD_CMP=N
2017-06-14 12:59:31 -  - exec CUpdateClientPartner::GetHTTPPage
2017-06-14 12:59:32 -  - TIME GetUpdatesList(request) 0.579 sec
2017-06-14 12:59:32 -  - exec CUpdateClientPartner::ParseServerData
2017-06-26 11:14:00 -  - exec CUpdateClientPartner::GetUpdatesList
2017-06-26 11:14:00 -  - exec CUpdateClientPartner::__CollectRequestData
2017-06-26 11:14:00 -  - utf=Y&lang=ru&stable=Y&CANGZIP=Y&SUPD_DBS=MYSQL&XE=N&CLIENT_SITE=polimer-vrn&LICENSE_KEY=X&SUPD_STS=1&SUPD_URS=0&SUPD_URSA=3080&TYPENC=E&CLIENT_PHPVER=5.6.19&NGINX=Y&dbv=5.5.48&instm=main%2C16.5.4%2CN%3Babtest%2C16.0.0%2CN%3Badvertising%2C16.5.0%2CN%3Bbitrix.eshop%2C16.5.2%2CN%3Bbitrix.sitecommunity%2C15.0.0%2CN%3Bbitrix.sitecorporate%2C15.0.0%2CN%3Bbitrix.siteinfoportal%2C15.0.0%2CN%3Bbitrix.sitepersonal%2C15.0.0%2CN%3Bbitrixcloud%2C16.0.0%2CN%3Bbizproc%2C16.5.2%2CN%3Bbizprocdesigner%2C16.5.0%2CN%3Bblog%2C16.5.4%2CN%3Bcalendar%2C16.5.6%2CN%3Bcatalog%2C16.5.3%2CN%3Bclouds%2C16.0.1%2CN%3Bcluster%2C16.0.0%2CN%3Bcompression%2C16.0.0%2CN%3Bconversion%2C15.5.6%2CN%3Bcurrency%2C16.5.0%2CN%3Beshopapp%2C15.0.0%2CN%3Bfileman%2C16.5.4%2CN%3Bform%2C15.0.2%2CN%3Bforum%2C16.5.2%2CN%3Bhighloadblock%2C16.0.2%2CN%3Biblock%2C16.5.2%2CN%3Bidea%2C15.0.1%2CN%3Bim%2C16.5.1%2CN%3Bldap%2C15.5.0%2CN%3Blearning%2C15.5.0%2CN%3Blists%2C16.0.5%2CN%3Bmail%2C16.6.3%2CN%3Bmobileapp%2C16.0.5%2CN%3Bperfmon%2C16.0.0%2CN%3Bphotogallery%2C16.0.1%2CN%3Bpull%2C16.5.1%2CN%3Breport%2C16.0.2%2CN%3Bsale%2C16.5.0%2CN%3Bscale%2C16.0.0%2CN%3Bsearch%2C16.0.0%2CN%3Bsecurity%2C16.0.3%2CN%3Bsender%2C16.0.3%2CN%3Bseo%2C16.0.3%2CN%3Bsocialnetwork%2C16.5.8%2CN%3Bsocialservices%2C16.5.4%2CN%3Bstatistic%2C16.0.0%2CN%3Bstoreassist%2C16.0.1%2CN%3Bsubscribe%2C16.0.0%2CN%3Bsupport%2C16.0.0%2CN%3Bthebrainstech.copyiblock%2C1.1.0%2CN%3Btranslate%2C14.5.0%2CN%3Bvote%2C15.5.0%2CN%3Bwebservice%2C16.0.1%2CN%3Bwiki%2C16.0.3%2CN%3Bworkflow%2C16.5.0%2CN&reqm=bitrix.eshop%2Cbitrix.sitecommunity%2Cbitrix.sitecorporate%2Cbitrix.siteinfoportal%2Cbitrix.sitepersonal%2Cthebrainstech.copyiblock&fullmoduleinfo=Y&SUPD_SRS=0&SUPD_CMP=N
2017-06-26 11:14:00 -  - exec CUpdateClientPartner::GetHTTPPage
2017-06-26 11:14:01 -  - TIME GetUpdatesList(request) 0.652 sec
2017-06-26 11:14:01 -  - exec CUpdateClientPartner::ParseServerData
2017-06-26 21:51:31 -  - exec CUpdateClientPartner::GetUpdatesList
2017-06-26 21:51:31 -  - exec CUpdateClientPartner::__CollectRequestData
2017-06-26 21:51:31 -  - utf=Y&lang=ru&stable=Y&CANGZIP=Y&SUPD_DBS=MYSQL&XE=N&CLIENT_SITE=new.polimer-vrn.ru&LICENSE_KEY=X&SUPD_STS=1&SUPD_URS=0&SUPD_URSA=3080&TYPENC=E&CLIENT_PHPVER=5.4.42&NGINX=Y&dbv=5.5.44&instm=main%2C16.5.4%2CN%3Bwebservice%2C16.0.1%2CN%3Blists%2C16.0.5%2CN%3Bstoreassist%2C16.0.1%2CN%3Bsubscribe%2C16.0.0%2CN%3Beshopapp%2C15.0.0%2CN%3Bform%2C15.0.2%2CN%3Bwiki%2C16.0.3%2CN%3Babtest%2C16.0.0%2CN%3Bbitrix.sitepersonal%2C15.0.0%2CN%3Bsocialnetwork%2C16.5.8%2CN%3Bblog%2C16.5.4%2CN%3Bscale%2C16.0.0%2CN%3Bfileman%2C16.5.4%2CN%3Bbitrix.eshop%2C16.5.2%2CN%3Bperfmon%2C16.0.0%2CN%3Bbitrix.sitecorporate%2C15.0.0%2CN%3Bsupport%2C16.0.0%2CN%3Bvote%2C15.5.0%2CN%3Bclouds%2C16.0.1%2CN%3Bworkflow%2C16.5.0%2CN%3Bmail%2C16.6.3%2CN%3Bcurrency%2C16.5.0%2CN%3Bcluster%2C16.0.0%2CN%3Bldap%2C15.5.0%2CN%3Bsearch%2C16.0.0%2CN%3Bcatalog%2C16.5.3%2CN%3Badvertising%2C16.5.0%2CN%3Bforum%2C16.5.2%2CN%3Bstatistic%2C16.0.0%2CN%3Bcompression%2C16.0.0%2CN%3Baskaron.pro1c%2C1.9.1%2CN%3Bmobileapp%2C16.0.5%2CN%3Bbitrix.siteinfoportal%2C15.0.0%2CN%3Bsocialservices%2C16.5.4%2CN%3Btranslate%2C14.5.0%2CN%3Bsender%2C16.0.3%2CN%3Bidea%2C15.0.1%2CN%3Bpull%2C16.5.1%2CN%3Bthebrainstech.copyiblock%2C1.1.0%2CN%3Breport%2C16.0.2%2CN%3Bconversion%2C15.5.6%2CN%3Bbizproc%2C16.5.2%2CN%3Bbizprocdesigner%2C16.5.0%2CN%3Biblock%2C16.5.2%2CN%3Bsecurity%2C16.0.3%2CN%3Blearning%2C15.5.0%2CN%3Bphotogallery%2C16.0.1%2CN%3Bim%2C16.5.1%2CN%3Bcalendar%2C16.5.6%2CN%3Bsale%2C16.5.0%2CN%3Bhighloadblock%2C16.0.2%2CN%3Bbitrix.sitecommunity%2C15.0.0%2CN%3Bseo%2C16.0.3%2CN%3Bbitrixcloud%2C16.0.0%2CN&reqm=bitrix.sitepersonal%2Cbitrix.eshop%2Cbitrix.sitecorporate%2Caskaron.pro1c%2Cbitrix.siteinfoportal%2Cthebrainstech.copyiblock%2Cbitrix.sitecommunity&fullmoduleinfo=Y&SUPD_SRS=0&SUPD_CMP=N
2017-06-26 21:51:31 -  - exec CUpdateClientPartner::GetHTTPPage
2017-06-26 21:51:31 -  - TIME GetUpdatesList(request) 0.193 sec
2017-06-26 21:51:31 -  - exec CUpdateClientPartner::ParseServerData
2017-06-29 12:09:27 -  - exec CUpdateClientPartner::GetUpdatesList
2017-06-29 12:09:27 -  - exec CUpdateClientPartner::__CollectRequestData
2017-06-29 12:09:27 -  - utf=Y&lang=ru&stable=Y&CANGZIP=Y&SUPD_DBS=MYSQL&XE=N&CLIENT_SITE=polimer-vrn&LICENSE_KEY=X&SUPD_STS=1&SUPD_URS=0&SUPD_URSA=3080&TYPENC=E&CLIENT_PHPVER=5.6.19&NGINX=Y&dbv=5.5.48&instm=main%2C16.5.4%2CN%3Babtest%2C16.0.0%2CN%3Badvertising%2C16.5.0%2CN%3Baskaron.pro1c%2C1.9.1%2CN%3Bbitrix.eshop%2C16.5.2%2CN%3Bbitrix.sitecommunity%2C15.0.0%2CN%3Bbitrix.sitecorporate%2C15.0.0%2CN%3Bbitrix.siteinfoportal%2C15.0.0%2CN%3Bbitrix.sitepersonal%2C15.0.0%2CN%3Bbitrixcloud%2C16.0.0%2CN%3Bbizproc%2C16.5.2%2CN%3Bbizprocdesigner%2C16.5.0%2CN%3Bblog%2C16.5.4%2CN%3Bcalendar%2C16.5.6%2CN%3Bcatalog%2C16.5.3%2CN%3Bclouds%2C16.0.1%2CN%3Bcluster%2C16.0.0%2CN%3Bcompression%2C16.0.0%2CN%3Bconversion%2C15.5.6%2CN%3Bcurrency%2C16.5.0%2CN%3Beshopapp%2C15.0.0%2CN%3Bfileman%2C16.5.4%2CN%3Bform%2C15.0.2%2CN%3Bforum%2C16.5.2%2CN%3Bhighloadblock%2C16.0.2%2CN%3Biblock%2C16.5.2%2CN%3Bidea%2C15.0.1%2CN%3Bim%2C16.5.1%2CN%3Bldap%2C15.5.0%2CN%3Blearning%2C15.5.0%2CN%3Blists%2C16.0.5%2CN%3Bmail%2C16.6.3%2CN%3Bmobileapp%2C16.0.5%2CN%3Bperfmon%2C16.0.0%2CN%3Bphotogallery%2C16.0.1%2CN%3Bpull%2C16.5.1%2CN%3Breport%2C16.0.2%2CN%3Bsale%2C16.5.0%2CN%3Bscale%2C16.0.0%2CN%3Bsearch%2C16.0.0%2CN%3Bsecurity%2C16.0.3%2CN%3Bsender%2C16.0.3%2CN%3Bseo%2C16.0.3%2CN%3Bsocialnetwork%2C16.5.8%2CN%3Bsocialservices%2C16.5.4%2CN%3Bstatistic%2C16.0.0%2CN%3Bstoreassist%2C16.0.1%2CN%3Bsubscribe%2C16.0.0%2CN%3Bsupport%2C16.0.0%2CN%3Bthebrainstech.copyiblock%2C1.1.0%2CN%3Btranslate%2C14.5.0%2CN%3Bvote%2C15.5.0%2CN%3Bwebservice%2C16.0.1%2CN%3Bwiki%2C16.0.3%2CN%3Bworkflow%2C16.5.0%2CN&reqm=askaron.pro1c%2Cbitrix.eshop%2Cbitrix.sitecommunity%2Cbitrix.sitecorporate%2Cbitrix.siteinfoportal%2Cbitrix.sitepersonal%2Cthebrainstech.copyiblock&fullmoduleinfo=Y&SUPD_SRS=0&SUPD_CMP=N
2017-06-29 12:09:27 -  - exec CUpdateClientPartner::GetHTTPPage
2017-06-29 12:09:28 -  - TIME GetUpdatesList(request) 1.265 sec
2017-06-29 12:09:28 -  - exec CUpdateClientPartner::ParseServerData
