2017-Aug-03 12:22:11 Наличие необходимых модулей php (check_php_modules): Ok
Все необходимые модули установлены
2017-Aug-03 12:22:11 Обязательные параметры PHP (check_php_settings): Ok
Настройки правильные
2017-Aug-03 12:22:12 Модули веб-сервера (check_security): Warning
Замечание. Загружен модуль mod_dav/mod_dav_fs, WebDav не будет работать
2017-Aug-03 12:22:12 Значения переменных сервера (check_server_vars): Ok
Корректные
2017-Aug-03 12:22:12 Сохранение сессии (check_session): Ok
50% done
2017-Aug-03 12:22:12 Сохранение сессии (check_session): Ok
Успешно
2017-Aug-03 12:22:12 Параметры настройки UTF (mbstring и константа BX_UTF) (check_mbstring): Ok
Правильные. Сайт работает в UTF кодировке
2017-Aug-03 12:22:13 Служебные скрипты в корне сайта (check_install_scripts): Ok
Отсутствуют
2017-Aug-03 12:22:13 Работа с сокетами (check_socket): Ok
Connection to new.polimer-vrn.ru:80	Success

Успешно
2017-Aug-03 12:22:13 Выполнение агентов на cron (check_bx_crontab): Warning
Замечание. Агенты выполняются на хитах, рекомендуется перевести выполнение агентов на cron
2017-Aug-03 12:22:13 Параметры подключения к базе данных (check_dbconn_settings): Ok
Успешно
2017-Aug-03 12:22:14 Лишний вывод в файлах конфигурации (check_dbconn): Ok
Connection to new.polimer-vrn.ru:80	Success

Успешно
2017-Aug-03 12:22:14 Сохранение сессии без UserAgent (check_session_ua): Ok
50% done
Connection to new.polimer-vrn.ru:80	Success

2017-Aug-03 12:22:14 Сохранение сессии без UserAgent (check_session_ua): Ok
Connection to new.polimer-vrn.ru:80	Success

Успешно
2017-Aug-03 12:22:14 Настройки сайтов (check_sites): Ok
Правильные
2017-Aug-03 12:22:15 Передача объектов по ссылке (check_clone): Ok
Успешно
2017-Aug-03 12:22:15 Размер стека и pcre.recursion_limit (check_pcre_recursion): Ok
Connection to new.polimer-vrn.ru:80	Success

Успешно
2017-Aug-03 12:22:15 Вызов method_exists на строке (check_method_exists): Ok
Connection to new.polimer-vrn.ru:80	Success

Успешно
2017-Aug-03 12:22:15 Загрузка файла (check_upload): Ok
Connection to new.polimer-vrn.ru:80	Success

Успешно
2017-Aug-03 12:22:16 Загрузка файла больше 4Мб (check_upload_big): Ok
Connection to new.polimer-vrn.ru:80	Success

Успешно
2017-Aug-03 12:22:16 Загрузка файла через php://input (check_upload_raw): Ok
Connection to new.polimer-vrn.ru:80	Success

Успешно
2017-Aug-03 12:22:16 Передача POST запроса с большим числом параметров (check_post): Ok
Connection to new.polimer-vrn.ru:80	Success

Успешно
2017-Aug-03 12:22:16 Отправка почты (check_mail): Ok
Успешно
2017-Aug-03 12:22:17 Отправка почтового сообщения больше 64Кб (check_mail_big): Ok
Успешно
2017-Aug-03 12:22:17 Проверка на наличие неотправленных сообщений (check_mail_b_event): Ok
Успешно
2017-Aug-03 12:22:17 Внутреннее перенаправление (функция LocalRedirect) (check_localredirect): Ok
50% done
Connection to new.polimer-vrn.ru:80	Success

2017-Aug-03 12:22:17 Внутреннее перенаправление (функция LocalRedirect) (check_localredirect): Ok
Connection to new.polimer-vrn.ru:80	Success

Успешно
2017-Aug-03 12:22:17 Фактическое ограничение памяти (check_memory_limit): Ok
20% done
Connection to new.polimer-vrn.ru:80	Success

2017-Aug-03 12:22:18 Фактическое ограничение памяти (check_memory_limit): Ok
40% done
Connection to new.polimer-vrn.ru:80	Success

2017-Aug-03 12:22:18 Фактическое ограничение памяти (check_memory_limit): Ok
60% done
Connection to new.polimer-vrn.ru:80	Success

2017-Aug-03 12:22:18 Фактическое ограничение памяти (check_memory_limit): Ok
80% done
Connection to new.polimer-vrn.ru:80	Success

2017-Aug-03 12:22:19 Фактическое ограничение памяти (check_memory_limit): Ok
Connection to new.polimer-vrn.ru:80	Success

Не менее 256 М
2017-Aug-03 12:22:19 Работа с файлами кеша (check_cache): Ok
Успешно
2017-Aug-03 12:22:19 Доступ к серверу обновлений (check_update): Ok
Успешно
2017-Aug-03 12:22:20 HTTP авторизация (check_http_auth): Ok
Connection to new.polimer-vrn.ru:80	Success

Успешно
2017-Aug-03 12:22:20 Создание и запуск файла (check_exec): Ok
Connection to new.polimer-vrn.ru:80	Success

Успешно
2017-Aug-03 12:22:20 Функция getimagesize для swf (check_getimagesize): Ok
Успешно
2017-Aug-03 12:22:20 Версия MySQL-сервера (check_mysql_bug_version): Ok
Успешно
2017-Aug-03 12:22:22 Время на БД и веб-сервере (check_mysql_time): Ok
Успешно
2017-Aug-03 12:22:22 Режим работы MySQL (check_mysql_mode): Ok
Успешно
2017-Aug-03 12:22:22 Кодировка соединения (check_mysql_connection_charset): Ok
character_set_connection=utf8, collation_connection=utf8_unicode_ci, character_set_results=utf8
Успешно
2017-Aug-03 12:22:22 Кодировка базы данных (check_mysql_db_charset): Ok
CHARSET=utf8, COLLATION=utf8_unicode_ci
Успешно
2017-Aug-03 12:22:23 Кодировки таблиц в БД (check_mysql_table_charset): Ok
Успешно
2017-Aug-03 12:22:23 Структура базы данных (check_mysql_table_structure): Ok
0% done
2017-Aug-03 12:22:24 Структура базы данных (check_mysql_table_structure): Ok
2% done
2017-Aug-03 12:22:24 Структура базы данных (check_mysql_table_structure): Ok
4% done
2017-Aug-03 12:22:24 Структура базы данных (check_mysql_table_structure): Ok
6% done
2017-Aug-03 12:22:24 Структура базы данных (check_mysql_table_structure): Ok
8% done
2017-Aug-03 12:22:25 Структура базы данных (check_mysql_table_structure): Ok
10% done
2017-Aug-03 12:22:25 Структура базы данных (check_mysql_table_structure): Ok
12% done
2017-Aug-03 12:22:25 Структура базы данных (check_mysql_table_structure): Ok
14% done
2017-Aug-03 12:22:26 Структура базы данных (check_mysql_table_structure): Ok
16% done
2017-Aug-03 12:22:26 Структура базы данных (check_mysql_table_structure): Ok
18% done
2017-Aug-03 12:22:27 Структура базы данных (check_mysql_table_structure): Ok
20% done
2017-Aug-03 12:22:27 Структура базы данных (check_mysql_table_structure): Ok
22% done
2017-Aug-03 12:22:28 Структура базы данных (check_mysql_table_structure): Ok
24% done
2017-Aug-03 12:22:28 Структура базы данных (check_mysql_table_structure): Ok
26% done
2017-Aug-03 12:22:28 Структура базы данных (check_mysql_table_structure): Ok
28% done
2017-Aug-03 12:22:29 Структура базы данных (check_mysql_table_structure): Ok
30% done
2017-Aug-03 12:22:29 Структура базы данных (check_mysql_table_structure): Ok
32% done
2017-Aug-03 12:22:29 Структура базы данных (check_mysql_table_structure): Ok
34% done
2017-Aug-03 12:22:29 Структура базы данных (check_mysql_table_structure): Ok
36% done
2017-Aug-03 12:22:30 Структура базы данных (check_mysql_table_structure): Ok
38% done
2017-Aug-03 12:22:30 Структура базы данных (check_mysql_table_structure): Ok
40% done
2017-Aug-03 12:22:30 Структура базы данных (check_mysql_table_structure): Ok
42% done
2017-Aug-03 12:22:30 Структура базы данных (check_mysql_table_structure): Ok
44% done
2017-Aug-03 12:22:31 Структура базы данных (check_mysql_table_structure): Ok
46% done
2017-Aug-03 12:22:31 Структура базы данных (check_mysql_table_structure): Ok
48% done
2017-Aug-03 12:22:32 Структура базы данных (check_mysql_table_structure): Ok
51% done
2017-Aug-03 12:22:34 Структура базы данных (check_mysql_table_structure): Ok
53% done
2017-Aug-03 12:22:34 Структура базы данных (check_mysql_table_structure): Ok
55% done
2017-Aug-03 12:22:34 Структура базы данных (check_mysql_table_structure): Ok
57% done
2017-Aug-03 12:22:35 Структура базы данных (check_mysql_table_structure): Ok
59% done
2017-Aug-03 12:22:35 Структура базы данных (check_mysql_table_structure): Ok
61% done
2017-Aug-03 12:22:35 Структура базы данных (check_mysql_table_structure): Ok
63% done
2017-Aug-03 12:22:36 Структура базы данных (check_mysql_table_structure): Ok
65% done
2017-Aug-03 12:22:36 Структура базы данных (check_mysql_table_structure): Ok
67% done
2017-Aug-03 12:22:36 Структура базы данных (check_mysql_table_structure): Ok
69% done
2017-Aug-03 12:22:36 Структура базы данных (check_mysql_table_structure): Ok
71% done
2017-Aug-03 12:22:37 Структура базы данных (check_mysql_table_structure): Ok
73% done
2017-Aug-03 12:22:37 Структура базы данных (check_mysql_table_structure): Ok
75% done
2017-Aug-03 12:22:38 Структура базы данных (check_mysql_table_structure): Ok
77% done
2017-Aug-03 12:22:38 Структура базы данных (check_mysql_table_structure): Ok
79% done
2017-Aug-03 12:22:39 Структура базы данных (check_mysql_table_structure): Ok
81% done
2017-Aug-03 12:22:39 Структура базы данных (check_mysql_table_structure): Ok
83% done
2017-Aug-03 12:22:39 Структура базы данных (check_mysql_table_structure): Ok
85% done
2017-Aug-03 12:22:40 Структура базы данных (check_mysql_table_structure): Ok
87% done
2017-Aug-03 12:22:40 Структура базы данных (check_mysql_table_structure): Ok
89% done
2017-Aug-03 12:22:42 Структура базы данных (check_mysql_table_structure): Ok
91% done
2017-Aug-03 12:22:42 Структура базы данных (check_mysql_table_structure): Ok
93% done
2017-Aug-03 12:22:43 Структура базы данных (check_mysql_table_structure): Ok
95% done
2017-Aug-03 12:22:43 Структура базы данных (check_mysql_table_structure): Ok
97% done
2017-Aug-03 12:22:43 Структура базы данных (check_mysql_table_structure): Ok
Успешно
